<?xml version="1.0" encoding="UTF-8"?>
<coverage generated="1658328387368" clover="3.2.0">
  <project timestamp="1658328387368" name="All files">
    <metrics statements="19" coveredstatements="19" conditionals="16" coveredconditionals="8" methods="11" coveredmethods="10" elements="46" coveredelements="37" complexity="0" loc="19" ncloc="19" packages="1" files="1" classes="1"/>
    <file name="userModels.js" path="E:\project_test\repo-homework\src\task7\models\userModels.js">
      <metrics statements="19" coveredstatements="19" conditionals="16" coveredconditionals="8" methods="11" coveredmethods="10"/>
      <line num="3" count="1" type="stmt"/>
      <line num="7" count="1" type="stmt"/>
      <line num="8" count="1" type="stmt"/>
      <line num="15" count="1" type="stmt"/>
      <line num="19" count="1" type="stmt"/>
      <line num="21" count="1" type="stmt"/>
      <line num="23" count="1" type="cond" truecount="1" falsecount="1"/>
      <line num="24" count="1" type="stmt"/>
      <line num="27" count="1" type="cond" truecount="0" falsecount="4"/>
      <line num="29" count="1" type="cond" truecount="1" falsecount="1"/>
      <line num="33" count="3" type="cond" truecount="2" falsecount="0"/>
      <line num="37" count="1" type="cond" truecount="2" falsecount="0"/>
      <line num="38" count="1" type="cond" truecount="1" falsecount="1"/>
      <line num="39" count="1" type="stmt"/>
      <line num="41" count="1" type="stmt"/>
      <line num="45" count="1" type="stmt"/>
      <line num="46" count="1" type="cond" truecount="1" falsecount="1"/>
      <line num="47" count="1" type="stmt"/>
      <line num="49" count="1" type="stmt"/>
    </file>
  </project>
</coverage>
