{"E:\\project_test\\repo-homework\\src\\task7\\models\\userModels.js": {"path":"E:\\project_test\\repo-homework\\src\\task7\\models\\userModels.js","statementMap":{"0":{"start":{"line":3,"column":16},"end":{"line":3,"column":18}},"1":{"start":{"line":7,"column":35},"end":{"line":7,"column":39}},"2":{"start":{"line":8,"column":4},"end":{"line":14,"column":6}},"3":{"start":{"line":15,"column":4},"end":{"line":15,"column":18}},"4":{"start":{"line":19,"column":21},"end":{"line":19,"column":23}},"5":{"start":{"line":21,"column":4},"end":{"line":21,"column":56}},"6":{"start":{"line":21,"column":40},"end":{"line":21,"column":55}},"7":{"start":{"line":23,"column":4},"end":{"line":25,"column":5}},"8":{"start":{"line":24,"column":6},"end":{"line":24,"column":85}},"9":{"start":{"line":24,"column":45},"end":{"line":24,"column":84}},"10":{"start":{"line":27,"column":4},"end":{"line":27,"column":83}},"11":{"start":{"line":27,"column":30},"end":{"line":27,"column":82}},"12":{"start":{"line":29,"column":4},"end":{"line":29,"column":62}},"13":{"start":{"line":33,"column":4},"end":{"line":33,"column":68}},"14":{"start":{"line":33,"column":34},"end":{"line":33,"column":67}},"15":{"start":{"line":37,"column":14},"end":{"line":37,"column":74}},"16":{"start":{"line":37,"column":40},"end":{"line":37,"column":73}},"17":{"start":{"line":38,"column":4},"end":{"line":40,"column":5}},"18":{"start":{"line":39,"column":6},"end":{"line":39,"column":48}},"19":{"start":{"line":41,"column":4},"end":{"line":41,"column":12}},"20":{"start":{"line":45,"column":14},"end":{"line":45,"column":55}},"21":{"start":{"line":45,"column":40},"end":{"line":45,"column":54}},"22":{"start":{"line":46,"column":4},"end":{"line":48,"column":5}},"23":{"start":{"line":47,"column":6},"end":{"line":47,"column":30}},"24":{"start":{"line":49,"column":4},"end":{"line":49,"column":12}}},"fnMap":{"0":{"name":"(anonymous_0)","decl":{"start":{"line":6,"column":2},"end":{"line":6,"column":3}},"loc":{"start":{"line":6,"column":19},"end":{"line":16,"column":3}},"line":6},"1":{"name":"(anonymous_1)","decl":{"start":{"line":18,"column":2},"end":{"line":18,"column":3}},"loc":{"start":{"line":18,"column":40},"end":{"line":30,"column":3}},"line":18},"2":{"name":"(anonymous_2)","decl":{"start":{"line":21,"column":32},"end":{"line":21,"column":33}},"loc":{"start":{"line":21,"column":40},"end":{"line":21,"column":55}},"line":21},"3":{"name":"(anonymous_3)","decl":{"start":{"line":24,"column":37},"end":{"line":24,"column":38}},"loc":{"start":{"line":24,"column":45},"end":{"line":24,"column":84}},"line":24},"4":{"name":"(anonymous_4)","decl":{"start":{"line":27,"column":20},"end":{"line":27,"column":21}},"loc":{"start":{"line":27,"column":30},"end":{"line":27,"column":82}},"line":27},"5":{"name":"(anonymous_5)","decl":{"start":{"line":32,"column":2},"end":{"line":32,"column":3}},"loc":{"start":{"line":32,"column":18},"end":{"line":34,"column":3}},"line":32},"6":{"name":"(anonymous_6)","decl":{"start":{"line":33,"column":26},"end":{"line":33,"column":27}},"loc":{"start":{"line":33,"column":34},"end":{"line":33,"column":67}},"line":33},"7":{"name":"(anonymous_7)","decl":{"start":{"line":36,"column":2},"end":{"line":36,"column":3}},"loc":{"start":{"line":36,"column":23},"end":{"line":42,"column":3}},"line":36},"8":{"name":"(anonymous_8)","decl":{"start":{"line":37,"column":32},"end":{"line":37,"column":33}},"loc":{"start":{"line":37,"column":40},"end":{"line":37,"column":73}},"line":37},"9":{"name":"(anonymous_9)","decl":{"start":{"line":44,"column":2},"end":{"line":44,"column":3}},"loc":{"start":{"line":44,"column":17},"end":{"line":50,"column":3}},"line":44},"10":{"name":"(anonymous_10)","decl":{"start":{"line":45,"column":32},"end":{"line":45,"column":33}},"loc":{"start":{"line":45,"column":40},"end":{"line":45,"column":54}},"line":45}},"branchMap":{"0":{"loc":{"start":{"line":23,"column":4},"end":{"line":25,"column":5}},"type":"if","locations":[{"start":{"line":23,"column":4},"end":{"line":25,"column":5}},{"start":{},"end":{}}],"line":23},"1":{"loc":{"start":{"line":27,"column":30},"end":{"line":27,"column":82}},"type":"cond-expr","locations":[{"start":{"line":27,"column":50},"end":{"line":27,"column":51}},{"start":{"line":27,"column":55},"end":{"line":27,"column":81}}],"line":27},"2":{"loc":{"start":{"line":27,"column":55},"end":{"line":27,"column":81}},"type":"cond-expr","locations":[{"start":{"line":27,"column":75},"end":{"line":27,"column":77}},{"start":{"line":27,"column":80},"end":{"line":27,"column":81}}],"line":27},"3":{"loc":{"start":{"line":29,"column":11},"end":{"line":29,"column":62}},"type":"cond-expr","locations":[{"start":{"line":29,"column":23},"end":{"line":29,"column":49}},{"start":{"line":29,"column":52},"end":{"line":29,"column":62}}],"line":29},"4":{"loc":{"start":{"line":33,"column":34},"end":{"line":33,"column":67}},"type":"binary-expr","locations":[{"start":{"line":33,"column":34},"end":{"line":33,"column":48}},{"start":{"line":33,"column":52},"end":{"line":33,"column":67}}],"line":33},"5":{"loc":{"start":{"line":37,"column":40},"end":{"line":37,"column":73}},"type":"binary-expr","locations":[{"start":{"line":37,"column":40},"end":{"line":37,"column":54}},{"start":{"line":37,"column":58},"end":{"line":37,"column":73}}],"line":37},"6":{"loc":{"start":{"line":38,"column":4},"end":{"line":40,"column":5}},"type":"if","locations":[{"start":{"line":38,"column":4},"end":{"line":40,"column":5}},{"start":{},"end":{}}],"line":38},"7":{"loc":{"start":{"line":46,"column":4},"end":{"line":48,"column":5}},"type":"if","locations":[{"start":{"line":46,"column":4},"end":{"line":48,"column":5}},{"start":{},"end":{}}],"line":46}},"s":{"0":1,"1":1,"2":1,"3":1,"4":1,"5":1,"6":1,"7":1,"8":1,"9":1,"10":1,"11":0,"12":1,"13":3,"14":3,"15":1,"16":1,"17":1,"18":1,"19":1,"20":1,"21":1,"22":1,"23":1,"24":1},"f":{"0":1,"1":1,"2":1,"3":1,"4":0,"5":3,"6":3,"7":1,"8":1,"9":1,"10":1},"b":{"0":[1,0],"1":[0,0],"2":[0,0],"3":[1,0],"4":[3,3],"5":[1,1],"6":[1,0],"7":[1,0]},"_coverageSchema":"1a1c01bbd47fc00a2c39e90264f33305004495a9","hash":"0913b1ad497e3208fab29565174bb778f1a8417d"}
}
