{"E:\\project_test\\repo-homework\\src\\task7\\app.js": {"path":"E:\\project_test\\repo-homework\\src\\task7\\app.js","statementMap":{"0":{"start":{"line":1,"column":16},"end":{"line":1,"column":34}},"1":{"start":{"line":2,"column":12},"end":{"line":2,"column":21}},"2":{"start":{"line":3,"column":20},"end":{"line":3,"column":45}},"3":{"start":{"line":4,"column":19},"end":{"line":4,"column":43}},"4":{"start":{"line":5,"column":13},"end":{"line":5,"column":28}},"5":{"start":{"line":12,"column":35},"end":{"line":12,"column":57}},"6":{"start":{"line":14,"column":0},"end":{"line":14,"column":23}},"7":{"start":{"line":16,"column":0},"end":{"line":16,"column":48}},"8":{"start":{"line":18,"column":0},"end":{"line":18,"column":15}},"9":{"start":{"line":21,"column":0},"end":{"line":21,"column":74}},"10":{"start":{"line":24,"column":0},"end":{"line":24,"column":18}},"11":{"start":{"line":26,"column":0},"end":{"line":26,"column":20}},"12":{"start":{"line":28,"column":0},"end":{"line":28,"column":28}},"13":{"start":{"line":31,"column":0},"end":{"line":31,"column":20}},"14":{"start":{"line":34,"column":0},"end":{"line":34,"column":18}},"15":{"start":{"line":36,"column":0},"end":{"line":38,"column":2}},"16":{"start":{"line":37,"column":2},"end":{"line":37,"column":23}},"17":{"start":{"line":41,"column":0},"end":{"line":43,"column":2}},"18":{"start":{"line":42,"column":2},"end":{"line":42,"column":23}},"19":{"start":{"line":49,"column":0},"end":{"line":49,"column":21}}},"fnMap":{"0":{"name":"(anonymous_0)","decl":{"start":{"line":36,"column":32},"end":{"line":36,"column":33}},"loc":{"start":{"line":36,"column":39},"end":{"line":38,"column":1}},"line":36},"1":{"name":"(anonymous_1)","decl":{"start":{"line":41,"column":33},"end":{"line":41,"column":34}},"loc":{"start":{"line":41,"column":40},"end":{"line":43,"column":1}},"line":41}},"branchMap":{},"s":{"0":1,"1":1,"2":1,"3":1,"4":1,"5":1,"6":1,"7":1,"8":1,"9":1,"10":1,"11":1,"12":1,"13":1,"14":1,"15":1,"16":0,"17":1,"18":0,"19":1},"f":{"0":0,"1":0},"b":{},"_coverageSchema":"1a1c01bbd47fc00a2c39e90264f33305004495a9","hash":"8635033c280cfecc7376ec678e7863e10bdc97ab"}
,"E:\\project_test\\repo-homework\\src\\task7\\config.js": {"path":"E:\\project_test\\repo-homework\\src\\task7\\config.js","statementMap":{"0":{"start":{"line":1,"column":0},"end":{"line":3,"column":2}}},"fnMap":{},"branchMap":{},"s":{"0":1},"f":{},"b":{},"_coverageSchema":"1a1c01bbd47fc00a2c39e90264f33305004495a9","hash":"d421a0da5875a2376e206d792fc372e857d00a3f"}
,"E:\\project_test\\repo-homework\\src\\task7\\middleware\\errHandler.js": {"path":"E:\\project_test\\repo-homework\\src\\task7\\middleware\\errHandler.js","statementMap":{"0":{"start":{"line":2,"column":2},"end":{"line":12,"column":3}},"1":{"start":{"line":3,"column":4},"end":{"line":6,"column":7}},"2":{"start":{"line":7,"column":9},"end":{"line":12,"column":3}},"3":{"start":{"line":8,"column":30},"end":{"line":8,"column":41}},"4":{"start":{"line":9,"column":4},"end":{"line":9,"column":111}},"5":{"start":{"line":11,"column":4},"end":{"line":11,"column":14}}},"fnMap":{"0":{"name":"errHanlder","decl":{"start":{"line":1,"column":16},"end":{"line":1,"column":26}},"loc":{"start":{"line":1,"column":48},"end":{"line":13,"column":1}},"line":1}},"branchMap":{"0":{"loc":{"start":{"line":2,"column":2},"end":{"line":12,"column":3}},"type":"if","locations":[{"start":{"line":2,"column":2},"end":{"line":12,"column":3}},{"start":{"line":7,"column":9},"end":{"line":12,"column":3}}],"line":2},"1":{"loc":{"start":{"line":2,"column":6},"end":{"line":2,"column":41}},"type":"binary-expr","locations":[{"start":{"line":2,"column":6},"end":{"line":2,"column":9}},{"start":{"line":2,"column":13},"end":{"line":2,"column":22}},{"start":{"line":2,"column":26},"end":{"line":2,"column":41}}],"line":2},"2":{"loc":{"start":{"line":7,"column":9},"end":{"line":12,"column":3}},"type":"if","locations":[{"start":{"line":7,"column":9},"end":{"line":12,"column":3}},{"start":{"line":10,"column":9},"end":{"line":12,"column":3}}],"line":7},"3":{"loc":{"start":{"line":9,"column":11},"end":{"line":9,"column":111}},"type":"cond-expr","locations":[{"start":{"line":9,"column":27},"end":{"line":9,"column":66}},{"start":{"line":9,"column":69},"end":{"line":9,"column":111}}],"line":9}},"s":{"0":0,"1":0,"2":0,"3":0,"4":0,"5":0},"f":{"0":0},"b":{"0":[0,0],"1":[0,0,0],"2":[0,0],"3":[0,0]},"_coverageSchema":"1a1c01bbd47fc00a2c39e90264f33305004495a9","hash":"0184b01219b8f0f7c485dfaca8d5069cdacfc2aa"}
,"E:\\project_test\\repo-homework\\src\\task7\\middleware\\log.js": {"path":"E:\\project_test\\repo-homework\\src\\task7\\middleware\\log.js","statementMap":{"0":{"start":{"line":4,"column":42},"end":{"line":4,"column":45}},"1":{"start":{"line":5,"column":15},"end":{"line":5,"column":53}},"2":{"start":{"line":7,"column":2},"end":{"line":7,"column":72}},"3":{"start":{"line":9,"column":2},"end":{"line":9,"column":8}},"4":{"start":{"line":13,"column":42},"end":{"line":13,"column":45}},"5":{"start":{"line":14,"column":15},"end":{"line":14,"column":53}},"6":{"start":{"line":15,"column":2},"end":{"line":20,"column":4}},"7":{"start":{"line":21,"column":2},"end":{"line":21,"column":54}},"8":{"start":{"line":22,"column":2},"end":{"line":22,"column":8}}},"fnMap":{"0":{"name":"reqLogger","decl":{"start":{"line":3,"column":16},"end":{"line":3,"column":25}},"loc":{"start":{"line":3,"column":42},"end":{"line":10,"column":1}},"line":3},"1":{"name":"errLogger","decl":{"start":{"line":12,"column":16},"end":{"line":12,"column":25}},"loc":{"start":{"line":12,"column":47},"end":{"line":23,"column":1}},"line":12}},"branchMap":{},"s":{"0":6,"1":6,"2":6,"3":6,"4":0,"5":0,"6":0,"7":0,"8":0},"f":{"0":6,"1":0},"b":{},"_coverageSchema":"1a1c01bbd47fc00a2c39e90264f33305004495a9","hash":"60a395aff16669cfa53bad354d7a5d7ccc629500"}
,"E:\\project_test\\repo-homework\\src\\task7\\middleware\\winston-log.js": {"path":"E:\\project_test\\repo-homework\\src\\task7\\middleware\\winston-log.js","statementMap":{"0":{"start":{"line":1,"column":16},"end":{"line":1,"column":34}},"1":{"start":{"line":3,"column":15},"end":{"line":8,"column":2}},"2":{"start":{"line":10,"column":0},"end":{"line":10,"column":39}}},"fnMap":{},"branchMap":{},"s":{"0":1,"1":1,"2":1},"f":{},"b":{},"_coverageSchema":"1a1c01bbd47fc00a2c39e90264f33305004495a9","hash":"f11cb6f7de109faade39bc75f57a9c26d0355ff0"}
,"E:\\project_test\\repo-homework\\src\\task7\\router\\login.js": {"path":"E:\\project_test\\repo-homework\\src\\task7\\router\\login.js","statementMap":{"0":{"start":{"line":1,"column":16},"end":{"line":1,"column":34}},"1":{"start":{"line":4,"column":20},"end":{"line":4,"column":36}},"2":{"start":{"line":5,"column":12},"end":{"line":5,"column":35}},"3":{"start":{"line":8,"column":0},"end":{"line":18,"column":2}},"4":{"start":{"line":9,"column":33},"end":{"line":9,"column":41}},"5":{"start":{"line":12,"column":19},"end":{"line":12,"column":79}},"6":{"start":{"line":13,"column":2},"end":{"line":17,"column":4}},"7":{"start":{"line":20,"column":0},"end":{"line":20,"column":28}}},"fnMap":{"0":{"name":"(anonymous_0)","decl":{"start":{"line":8,"column":27},"end":{"line":8,"column":28}},"loc":{"start":{"line":8,"column":41},"end":{"line":18,"column":1}},"line":8}},"branchMap":{},"s":{"0":1,"1":1,"2":1,"3":1,"4":1,"5":1,"6":1,"7":1},"f":{"0":1},"b":{},"_coverageSchema":"1a1c01bbd47fc00a2c39e90264f33305004495a9","hash":"4765163e45ab563789f3093a301b2666c278c76c"}
,"E:\\project_test\\repo-homework\\src\\task7\\router\\user.js": {"path":"E:\\project_test\\repo-homework\\src\\task7\\router\\user.js","statementMap":{"0":{"start":{"line":1,"column":16},"end":{"line":1,"column":34}},"1":{"start":{"line":2,"column":19},"end":{"line":2,"column":35}},"2":{"start":{"line":4,"column":12},"end":{"line":4,"column":26}},"3":{"start":{"line":5,"column":18},"end":{"line":5,"column":88}},"4":{"start":{"line":9,"column":16},"end":{"line":9,"column":18}},"5":{"start":{"line":11,"column":20},"end":{"line":16,"column":2}},"6":{"start":{"line":19,"column":0},"end":{"line":36,"column":2}},"7":{"start":{"line":20,"column":2},"end":{"line":35,"column":3}},"8":{"start":{"line":21,"column":17},"end":{"line":21,"column":25}},"9":{"start":{"line":22,"column":4},"end":{"line":28,"column":6}},"10":{"start":{"line":29,"column":4},"end":{"line":32,"column":6}},"11":{"start":{"line":34,"column":4},"end":{"line":34,"column":11}},"12":{"start":{"line":39,"column":0},"end":{"line":59,"column":2}},"13":{"start":{"line":40,"column":2},"end":{"line":58,"column":3}},"14":{"start":{"line":41,"column":43},"end":{"line":41,"column":52}},"15":{"start":{"line":42,"column":21},"end":{"line":42,"column":23}},"16":{"start":{"line":44,"column":4},"end":{"line":44,"column":56}},"17":{"start":{"line":44,"column":40},"end":{"line":44,"column":55}},"18":{"start":{"line":46,"column":4},"end":{"line":48,"column":5}},"19":{"start":{"line":47,"column":6},"end":{"line":47,"column":85}},"20":{"start":{"line":47,"column":45},"end":{"line":47,"column":84}},"21":{"start":{"line":50,"column":4},"end":{"line":50,"column":83}},"22":{"start":{"line":50,"column":30},"end":{"line":50,"column":82}},"23":{"start":{"line":51,"column":4},"end":{"line":55,"column":6}},"24":{"start":{"line":57,"column":4},"end":{"line":57,"column":11}},"25":{"start":{"line":62,"column":0},"end":{"line":82,"column":2}},"26":{"start":{"line":63,"column":2},"end":{"line":81,"column":3}},"27":{"start":{"line":64,"column":17},"end":{"line":64,"column":25}},"28":{"start":{"line":65,"column":19},"end":{"line":65,"column":29}},"29":{"start":{"line":66,"column":14},"end":{"line":66,"column":74}},"30":{"start":{"line":66,"column":40},"end":{"line":66,"column":73}},"31":{"start":{"line":67,"column":4},"end":{"line":78,"column":5}},"32":{"start":{"line":68,"column":6},"end":{"line":68,"column":48}},"33":{"start":{"line":69,"column":6},"end":{"line":72,"column":8}},"34":{"start":{"line":74,"column":6},"end":{"line":77,"column":8}},"35":{"start":{"line":80,"column":4},"end":{"line":80,"column":11}},"36":{"start":{"line":85,"column":0},"end":{"line":97,"column":2}},"37":{"start":{"line":86,"column":2},"end":{"line":96,"column":3}},"38":{"start":{"line":87,"column":19},"end":{"line":87,"column":29}},"39":{"start":{"line":88,"column":17},"end":{"line":88,"column":74}},"40":{"start":{"line":88,"column":40},"end":{"line":88,"column":73}},"41":{"start":{"line":89,"column":4},"end":{"line":93,"column":6}},"42":{"start":{"line":95,"column":4},"end":{"line":95,"column":11}},"43":{"start":{"line":100,"column":0},"end":{"line":119,"column":2}},"44":{"start":{"line":101,"column":2},"end":{"line":118,"column":3}},"45":{"start":{"line":102,"column":19},"end":{"line":102,"column":29}},"46":{"start":{"line":103,"column":14},"end":{"line":103,"column":55}},"47":{"start":{"line":103,"column":40},"end":{"line":103,"column":54}},"48":{"start":{"line":104,"column":4},"end":{"line":115,"column":5}},"49":{"start":{"line":105,"column":6},"end":{"line":105,"column":30}},"50":{"start":{"line":106,"column":6},"end":{"line":109,"column":8}},"51":{"start":{"line":111,"column":6},"end":{"line":114,"column":8}},"52":{"start":{"line":117,"column":4},"end":{"line":117,"column":11}},"53":{"start":{"line":121,"column":0},"end":{"line":121,"column":27}}},"fnMap":{"0":{"name":"(anonymous_0)","decl":{"start":{"line":19,"column":50},"end":{"line":19,"column":51}},"loc":{"start":{"line":19,"column":76},"end":{"line":36,"column":1}},"line":19},"1":{"name":"(anonymous_1)","decl":{"start":{"line":39,"column":32},"end":{"line":39,"column":33}},"loc":{"start":{"line":39,"column":52},"end":{"line":59,"column":1}},"line":39},"2":{"name":"(anonymous_2)","decl":{"start":{"line":44,"column":32},"end":{"line":44,"column":33}},"loc":{"start":{"line":44,"column":40},"end":{"line":44,"column":55}},"line":44},"3":{"name":"(anonymous_3)","decl":{"start":{"line":47,"column":37},"end":{"line":47,"column":38}},"loc":{"start":{"line":47,"column":45},"end":{"line":47,"column":84}},"line":47},"4":{"name":"(anonymous_4)","decl":{"start":{"line":50,"column":20},"end":{"line":50,"column":21}},"loc":{"start":{"line":50,"column":30},"end":{"line":50,"column":82}},"line":50},"5":{"name":"(anonymous_5)","decl":{"start":{"line":62,"column":52},"end":{"line":62,"column":53}},"loc":{"start":{"line":62,"column":72},"end":{"line":82,"column":1}},"line":62},"6":{"name":"(anonymous_6)","decl":{"start":{"line":66,"column":32},"end":{"line":66,"column":33}},"loc":{"start":{"line":66,"column":40},"end":{"line":66,"column":73}},"line":66},"7":{"name":"(anonymous_7)","decl":{"start":{"line":85,"column":23},"end":{"line":85,"column":24}},"loc":{"start":{"line":85,"column":43},"end":{"line":97,"column":1}},"line":85},"8":{"name":"(anonymous_8)","decl":{"start":{"line":88,"column":32},"end":{"line":88,"column":33}},"loc":{"start":{"line":88,"column":40},"end":{"line":88,"column":73}},"line":88},"9":{"name":"(anonymous_9)","decl":{"start":{"line":100,"column":26},"end":{"line":100,"column":27}},"loc":{"start":{"line":100,"column":46},"end":{"line":119,"column":1}},"line":100},"10":{"name":"(anonymous_10)","decl":{"start":{"line":103,"column":32},"end":{"line":103,"column":33}},"loc":{"start":{"line":103,"column":40},"end":{"line":103,"column":54}},"line":103}},"branchMap":{"0":{"loc":{"start":{"line":41,"column":12},"end":{"line":41,"column":31}},"type":"default-arg","locations":[{"start":{"line":41,"column":29},"end":{"line":41,"column":31}}],"line":41},"1":{"loc":{"start":{"line":46,"column":4},"end":{"line":48,"column":5}},"type":"if","locations":[{"start":{"line":46,"column":4},"end":{"line":48,"column":5}},{"start":{},"end":{}}],"line":46},"2":{"loc":{"start":{"line":50,"column":30},"end":{"line":50,"column":82}},"type":"cond-expr","locations":[{"start":{"line":50,"column":50},"end":{"line":50,"column":51}},{"start":{"line":50,"column":55},"end":{"line":50,"column":81}}],"line":50},"3":{"loc":{"start":{"line":50,"column":55},"end":{"line":50,"column":81}},"type":"cond-expr","locations":[{"start":{"line":50,"column":75},"end":{"line":50,"column":77}},{"start":{"line":50,"column":80},"end":{"line":50,"column":81}}],"line":50},"4":{"loc":{"start":{"line":54,"column":12},"end":{"line":54,"column":63}},"type":"cond-expr","locations":[{"start":{"line":54,"column":24},"end":{"line":54,"column":50}},{"start":{"line":54,"column":53},"end":{"line":54,"column":63}}],"line":54},"5":{"loc":{"start":{"line":66,"column":40},"end":{"line":66,"column":73}},"type":"binary-expr","locations":[{"start":{"line":66,"column":40},"end":{"line":66,"column":54}},{"start":{"line":66,"column":58},"end":{"line":66,"column":73}}],"line":66},"6":{"loc":{"start":{"line":67,"column":4},"end":{"line":78,"column":5}},"type":"if","locations":[{"start":{"line":67,"column":4},"end":{"line":78,"column":5}},{"start":{"line":73,"column":11},"end":{"line":78,"column":5}}],"line":67},"7":{"loc":{"start":{"line":88,"column":40},"end":{"line":88,"column":73}},"type":"binary-expr","locations":[{"start":{"line":88,"column":40},"end":{"line":88,"column":54}},{"start":{"line":88,"column":58},"end":{"line":88,"column":73}}],"line":88},"8":{"loc":{"start":{"line":92,"column":12},"end":{"line":92,"column":25}},"type":"binary-expr","locations":[{"start":{"line":92,"column":12},"end":{"line":92,"column":19}},{"start":{"line":92,"column":23},"end":{"line":92,"column":25}}],"line":92},"9":{"loc":{"start":{"line":104,"column":4},"end":{"line":115,"column":5}},"type":"if","locations":[{"start":{"line":104,"column":4},"end":{"line":115,"column":5}},{"start":{"line":110,"column":11},"end":{"line":115,"column":5}}],"line":104}},"s":{"0":1,"1":1,"2":1,"3":1,"4":1,"5":1,"6":1,"7":1,"8":1,"9":1,"10":1,"11":0,"12":1,"13":1,"14":1,"15":1,"16":1,"17":1,"18":1,"19":0,"20":0,"21":1,"22":0,"23":1,"24":0,"25":1,"26":1,"27":1,"28":1,"29":1,"30":1,"31":1,"32":1,"33":1,"34":0,"35":0,"36":1,"37":1,"38":1,"39":1,"40":1,"41":1,"42":0,"43":1,"44":1,"45":1,"46":1,"47":1,"48":1,"49":1,"50":1,"51":0,"52":0,"53":1},"f":{"0":1,"1":1,"2":1,"3":0,"4":0,"5":1,"6":1,"7":1,"8":1,"9":1,"10":1},"b":{"0":[1],"1":[0,1],"2":[0,0],"3":[0,0],"4":[0,1],"5":[1,1],"6":[1,0],"7":[1,1],"8":[1,0],"9":[1,0]},"_coverageSchema":"1a1c01bbd47fc00a2c39e90264f33305004495a9","hash":"1b5ffda6a811830d5bed0b07de5c832f7423baef"}
}
