TN:
SF:src\task7\app.js
FN:36,(anonymous_0)
FN:41,(anonymous_1)
FNF:2
FNH:0
FNDA:0,(anonymous_0)
FNDA:0,(anonymous_1)
DA:1,1
DA:2,1
DA:3,1
DA:4,1
DA:5,1
DA:12,1
DA:14,1
DA:16,1
DA:18,1
DA:21,1
DA:24,1
DA:26,1
DA:28,1
DA:31,1
DA:34,1
DA:36,1
DA:37,0
DA:41,1
DA:42,0
DA:49,1
LF:20
LH:18
BRF:0
BRH:0
end_of_record
TN:
SF:src\task7\config.js
FNF:0
FNH:0
DA:1,1
LF:1
LH:1
BRF:0
BRH:0
end_of_record
TN:
SF:src\task7\middleware\errHandler.js
FN:1,errHanlder
FNF:1
FNH:0
FNDA:0,errHanlder
DA:2,0
DA:3,0
DA:7,0
DA:8,0
DA:9,0
DA:11,0
LF:6
LH:0
BRDA:2,0,0,0
BRDA:2,0,1,0
BRDA:2,1,0,0
BRDA:2,1,1,0
BRDA:2,1,2,0
BRDA:7,2,0,0
BRDA:7,2,1,0
BRDA:9,3,0,0
BRDA:9,3,1,0
BRF:9
BRH:0
end_of_record
TN:
SF:src\task7\middleware\log.js
FN:3,reqLogger
FN:12,errLogger
FNF:2
FNH:1
FNDA:6,reqLogger
FNDA:0,errLogger
DA:4,6
DA:5,6
DA:7,6
DA:9,6
DA:13,0
DA:14,0
DA:15,0
DA:21,0
DA:22,0
LF:9
LH:4
BRF:0
BRH:0
end_of_record
TN:
SF:src\task7\middleware\winston-log.js
FNF:0
FNH:0
DA:1,1
DA:3,1
DA:10,1
LF:3
LH:3
BRF:0
BRH:0
end_of_record
TN:
SF:src\task7\router\login.js
FN:8,(anonymous_0)
FNF:1
FNH:1
FNDA:1,(anonymous_0)
DA:1,1
DA:4,1
DA:5,1
DA:8,1
DA:9,1
DA:12,1
DA:13,1
DA:20,1
LF:8
LH:8
BRF:0
BRH:0
end_of_record
TN:
SF:src\task7\router\user.js
FN:19,(anonymous_0)
FN:39,(anonymous_1)
FN:44,(anonymous_2)
FN:47,(anonymous_3)
FN:50,(anonymous_4)
FN:62,(anonymous_5)
FN:66,(anonymous_6)
FN:85,(anonymous_7)
FN:88,(anonymous_8)
FN:100,(anonymous_9)
FN:103,(anonymous_10)
FNF:11
FNH:9
FNDA:1,(anonymous_0)
FNDA:1,(anonymous_1)
FNDA:1,(anonymous_2)
FNDA:0,(anonymous_3)
FNDA:0,(anonymous_4)
FNDA:1,(anonymous_5)
FNDA:1,(anonymous_6)
FNDA:1,(anonymous_7)
FNDA:1,(anonymous_8)
FNDA:1,(anonymous_9)
FNDA:1,(anonymous_10)
DA:1,1
DA:2,1
DA:4,1
DA:5,1
DA:9,1
DA:11,1
DA:19,1
DA:20,1
DA:21,1
DA:22,1
DA:29,1
DA:34,0
DA:39,1
DA:40,1
DA:41,1
DA:42,1
DA:44,1
DA:46,1
DA:47,0
DA:50,1
DA:51,1
DA:57,0
DA:62,1
DA:63,1
DA:64,1
DA:65,1
DA:66,1
DA:67,1
DA:68,1
DA:69,1
DA:74,0
DA:80,0
DA:85,1
DA:86,1
DA:87,1
DA:88,1
DA:89,1
DA:95,0
DA:100,1
DA:101,1
DA:102,1
DA:103,1
DA:104,1
DA:105,1
DA:106,1
DA:111,0
DA:117,0
DA:121,1
LF:48
LH:40
BRDA:41,0,0,1
BRDA:46,1,0,0
BRDA:46,1,1,1
BRDA:50,2,0,0
BRDA:50,2,1,0
BRDA:50,3,0,0
BRDA:50,3,1,0
BRDA:54,4,0,0
BRDA:54,4,1,1
BRDA:66,5,0,1
BRDA:66,5,1,1
BRDA:67,6,0,1
BRDA:67,6,1,0
BRDA:88,7,0,1
BRDA:88,7,1,1
BRDA:92,8,0,1
BRDA:92,8,1,0
BRDA:104,9,0,1
BRDA:104,9,1,0
BRF:19
BRH:10
end_of_record
