TN:
SF:src\task7\models\userModels.js
FN:6,(anonymous_0)
FN:18,(anonymous_1)
FN:21,(anonymous_2)
FN:24,(anonymous_3)
FN:27,(anonymous_4)
FN:32,(anonymous_5)
FN:33,(anonymous_6)
FN:36,(anonymous_7)
FN:37,(anonymous_8)
FN:44,(anonymous_9)
FN:45,(anonymous_10)
FNF:11
FNH:10
FNDA:1,(anonymous_0)
FNDA:1,(anonymous_1)
FNDA:1,(anonymous_2)
FNDA:1,(anonymous_3)
FNDA:0,(anonymous_4)
FNDA:3,(anonymous_5)
FNDA:3,(anonymous_6)
FNDA:1,(anonymous_7)
FNDA:1,(anonymous_8)
FNDA:1,(anonymous_9)
FNDA:1,(anonymous_10)
DA:3,1
DA:7,1
DA:8,1
DA:15,1
DA:19,1
DA:21,1
DA:23,1
DA:24,1
DA:27,1
DA:29,1
DA:33,3
DA:37,1
DA:38,1
DA:39,1
DA:41,1
DA:45,1
DA:46,1
DA:47,1
DA:49,1
LF:19
LH:19
BRDA:23,0,0,1
BRDA:23,0,1,0
BRDA:27,1,0,0
BRDA:27,1,1,0
BRDA:27,2,0,0
BRDA:27,2,1,0
BRDA:29,3,0,1
BRDA:29,3,1,0
BRDA:33,4,0,3
BRDA:33,4,1,3
BRDA:37,5,0,1
BRDA:37,5,1,1
BRDA:38,6,0,1
BRDA:38,6,1,0
BRDA:46,7,0,1
BRDA:46,7,1,0
BRF:16
BRH:8
end_of_record
